This is pdfTeX, Version 3.1415926-1.40.10 (TeX Live 2009/Debian) (format=pdflatex 2013.3.14)  28 MAY 2013 21:11
entering extended mode
 \write18 enabled.
 %&-line parsing enabled.
**paper
(./paper.tex
LaTeX2e <2009/09/24>
Babel <v3.8l> and hyphenation patterns for english, usenglishmax, dumylang, noh
yphenation, loaded.
(./sig-alternate-10pt.cls
(/usr/share/texmf-texlive/tex/latex/graphics/epsfig.sty
Package: epsfig 1999/02/16 v1.7a (e)psfig emulation (SPQR)

(/usr/share/texmf-texlive/tex/latex/graphics/graphicx.sty
Package: graphicx 1999/02/16 v1.0f Enhanced LaTeX Graphics (DPC,SPQR)

(/usr/share/texmf-texlive/tex/latex/graphics/keyval.sty
Package: keyval 1999/03/16 v1.13 key=value parser (DPC)
\KV@toks@=\toks14
)
(/usr/share/texmf-texlive/tex/latex/graphics/graphics.sty
Package: graphics 2009/02/05 v1.0o Standard LaTeX Graphics (DPC,SPQR)

(/usr/share/texmf-texlive/tex/latex/graphics/trig.sty
Package: trig 1999/03/16 v1.09 sin cos tan (DPC)
)
(/etc/texmf/tex/latex/config/graphics.cfg
File: graphics.cfg 2009/08/28 v1.8 graphics configuration of TeX Live
)
Package graphics Info: Driver file: pdftex.def on input line 91.

(/usr/share/texmf-texlive/tex/latex/pdftex-def/pdftex.def
File: pdftex.def 2010/03/12 v0.04p Graphics/color for pdfTeX
\Gread@gobject=\count79
))
\Gin@req@height=\dimen102
\Gin@req@width=\dimen103
)
\epsfxsize=\dimen104
\epsfysize=\dimen105
)
(/usr/share/texmf-texlive/tex/latex/amsfonts/amssymb.sty
Package: amssymb 2009/06/22 v3.00

(/usr/share/texmf-texlive/tex/latex/amsfonts/amsfonts.sty
Package: amsfonts 2009/06/22 v3.00 Basic AMSFonts support
\@emptytoks=\toks15
\symAMSa=\mathgroup4
\symAMSb=\mathgroup5
LaTeX Font Info:    Overwriting math alphabet `\mathfrak' in version `bold'
(Font)                  U/euf/m/n --> U/euf/b/n on input line 96.
))
(/usr/share/texmf-texlive/tex/latex/amsmath/amsmath.sty
Package: amsmath 2000/07/18 v2.13 AMS math features
\@mathmargin=\skip41

For additional information on amsmath, use the `?' option.
(/usr/share/texmf-texlive/tex/latex/amsmath/amstext.sty
Package: amstext 2000/06/29 v2.01

(/usr/share/texmf-texlive/tex/latex/amsmath/amsgen.sty
File: amsgen.sty 1999/11/30 v2.0
\@emptytoks=\toks16
\ex@=\dimen106
))
(/usr/share/texmf-texlive/tex/latex/amsmath/amsbsy.sty
Package: amsbsy 1999/11/29 v1.2d
\pmbraise@=\dimen107
)
(/usr/share/texmf-texlive/tex/latex/amsmath/amsopn.sty
Package: amsopn 1999/12/14 v2.01 operator names
)
\inf@bad=\count80
LaTeX Info: Redefining \frac on input line 211.
\uproot@=\count81
\leftroot@=\count82
LaTeX Info: Redefining \overline on input line 307.
\classnum@=\count83
\DOTSCASE@=\count84
LaTeX Info: Redefining \ldots on input line 379.
LaTeX Info: Redefining \dots on input line 382.
LaTeX Info: Redefining \cdots on input line 467.
\Mathstrutbox@=\box26
\strutbox@=\box27
\big@size=\dimen108
LaTeX Font Info:    Redeclaring font encoding OML on input line 567.
LaTeX Font Info:    Redeclaring font encoding OMS on input line 568.
\macc@depth=\count85
\c@MaxMatrixCols=\count86
\dotsspace@=\muskip10
\c@parentequation=\count87
\dspbrk@lvl=\count88
\tag@help=\toks17
\row@=\count89
\column@=\count90
\maxfields@=\count91
\andhelp@=\toks18
\eqnshift@=\dimen109
\alignsep@=\dimen110
\tagshift@=\dimen111
\tagwidth@=\dimen112
\totwidth@=\dimen113
\lineht@=\dimen114
\@envbody=\toks19
\multlinegap=\skip42
\multlinetaggap=\skip43
\mathdisplay@stack=\toks20
LaTeX Info: Redefining \[ on input line 2666.
LaTeX Info: Redefining \] on input line 2667.
)
Document Class 'sig-alternate' <3rd January '07>. Hacked by Anja Feldmann
Based in part upon document Style `acmconf' <22 May 89>. Hacked 4/91 by
shivers@cs.cmu.edu, 4/93 by theobald@cs.mcgill.ca
Excerpts were taken from (Journal Style) 'esub2acm.cls'.
****** Bugs/comments/suggestions/technicalities to Gerry Murray -- murray@hq.ac
m.org ******
Questions on the style, SIGS policies, etc. to Adrienne Griscti griscti@acm.org

\footheight=\dimen115
\@maxsep=\dimen116
\@dblmaxsep=\dimen117
\aucount=\count92
\originalaucount=\count93
\auwidth=\dimen118
\auskip=\dimen119
\auskipcount=\count94
\auskip=\dimen120
\allauboxes=\dimen121
\addauthors=\toks21
\addauflag=\count95
\subtitletext=\toks22
\savesection=\count96
\sectioncntr=\count97
\c@figure=\count98
\c@table=\count99
\titleboxnotes=\toks23
\titleboxnoteflag=\count100

LaTeX Warning: You have requested document class `sig-alternate-10pt',
               but the document class provides `sig-alternate'.

Document Class: sig-alternate 2007/03/01 - V1.9 - based on acmproc.cls V1.3 <No
v. 30 '99>
(/usr/share/texmf-texlive/tex/latex/base/latexsym.sty
Package: latexsym 1998/08/17 v2.2e Standard LaTeX package (lasy symbols)
\symlasy=\mathgroup6
LaTeX Font Info:    Overwriting symbol font `lasy' in version `bold'
(Font)                  U/lasy/m/n --> U/lasy/b/n on input line 47.
)
\@acmtitlebox=\box28
\titlenotecount=\count101
\tntoks=\toks24
\tntokstwo=\toks25
\tntoksthree=\toks26
\tntoksfour=\toks27
\tntoksfive=\toks28
\catcount=\count102
\conf=\toks29
\confinfo=\toks30
\c@part=\count103
\c@section=\count104
\c@subsection=\count105
\c@subsubsection=\count106
\c@paragraph=\count107

Using 'Abbrev' bibliography style
\bibindent=\dimen122
\colcntr=\count108
\savebox=\box29
\copyrtyr=\toks31
\acmcopyr=\toks32
\boilerplate=\toks33
\copyrightetc=\toks34
) (/usr/share/texmf-texlive/tex/latex/tools/xspace.sty
Package: xspace 2006/05/08 v1.12 Space after command names (DPC,MH)
)
(/usr/share/texmf-texlive/tex/latex/multirow/multirow.sty
\bigstrutjot=\dimen123
)
(/usr/share/texmf-texlive/tex/latex/ltxmisc/capt-of.sty)
(/usr/share/texmf-texlive/tex/latex/comment/comment.sty
\CommentStream=\write3

Excluding comment 'comment')
(/usr/share/texmf-texlive/tex/latex/ltxmisc/url.sty
\Urlmuskip=\muskip11
Package: url 2006/04/12  ver 3.3  Verb mode for urls, etc.
)
(/usr/share/texmf-texlive/tex/latex/hyperref/hyperref.sty
Package: hyperref 2009/10/09 v6.79a Hypertext links for LaTeX

(/usr/share/texmf-texlive/tex/generic/oberdiek/ifpdf.sty
Package: ifpdf 2009/04/10 v2.0 Provides the ifpdf switch (HO)
Package ifpdf Info: pdfTeX in pdf mode detected.
)
(/usr/share/texmf-texlive/tex/generic/oberdiek/ifvtex.sty
Package: ifvtex 2008/11/04 v1.4 Switches for detecting VTeX and its modes (HO)
Package ifvtex Info: VTeX not detected.
)
(/usr/share/texmf-texlive/tex/generic/ifxetex/ifxetex.sty
Package: ifxetex 2009/01/23 v0.5 Provides ifxetex conditional
)
(/usr/share/texmf-texlive/tex/latex/oberdiek/hycolor.sty
Package: hycolor 2009/10/02 v1.5 Code for color options of hyperref/bookmark (H
O)

(/usr/share/texmf-texlive/tex/latex/oberdiek/xcolor-patch.sty
Package: xcolor-patch 2009/10/02 xcolor patch
))
\@linkdim=\dimen124
\Hy@linkcounter=\count109
\Hy@pagecounter=\count110

(/usr/share/texmf-texlive/tex/latex/hyperref/pd1enc.def
File: pd1enc.def 2009/10/09 v6.79a Hyperref: PDFDocEncoding definition (HO)
)
(/usr/share/texmf-texlive/tex/generic/oberdiek/etexcmds.sty
Package: etexcmds 2007/12/12 v1.2 Prefix for e-TeX command names (HO)

(/usr/share/texmf-texlive/tex/generic/oberdiek/infwarerr.sty
Package: infwarerr 2007/09/09 v1.2 Providing info/warning/message (HO)
)
Package etexcmds Info: Could not find \expanded.
(etexcmds)             That can mean that you are not using pdfTeX 1.50 or
(etexcmds)             that some package has redefined \expanded.
(etexcmds)             In the latter case, load this package earlier.
)

Package hyperref Warning: Height of page (\paperheight) is invalid (0.0pt),
(hyperref)                using 11in.

(/usr/share/texmf-texlive/tex/latex/latexconfig/hyperref.cfg
File: hyperref.cfg 2002/06/06 v1.2 hyperref configuration of TeXLive
)
(/usr/share/texmf-texlive/tex/latex/oberdiek/kvoptions.sty
Package: kvoptions 2009/08/13 v3.4 Keyval support for LaTeX options (HO)

(/usr/share/texmf-texlive/tex/generic/oberdiek/kvsetkeys.sty
Package: kvsetkeys 2009/07/30 v1.5 Key value parser with default handler suppor
t (HO)
))
Package hyperref Info: Hyper figures OFF on input line 2975.
Package hyperref Info: Link nesting OFF on input line 2980.
Package hyperref Info: Hyper index ON on input line 2983.
Package hyperref Info: Plain pages OFF on input line 2990.
Package hyperref Info: Backreferencing OFF on input line 2995.

Implicit mode ON; LaTeX internals redefined
Package hyperref Info: Bookmarks ON on input line 3191.
LaTeX Info: Redefining \url on input line 3428.
(/usr/share/texmf-texlive/tex/generic/oberdiek/bitset.sty
Package: bitset 2007/09/28 v1.0 Data type bit set (HO)

(/usr/share/texmf-texlive/tex/generic/oberdiek/intcalc.sty
Package: intcalc 2007/09/27 v1.1 Expandable integer calculations (HO)
)
(/usr/share/texmf-texlive/tex/generic/oberdiek/bigintcalc.sty
Package: bigintcalc 2007/11/11 v1.1 Expandable big integer calculations (HO)

(/usr/share/texmf-texlive/tex/generic/oberdiek/pdftexcmds.sty
Package: pdftexcmds 2009/09/23 v0.6 LuaTeX support for pdfTeX utility functions
 (HO)

(/usr/share/texmf-texlive/tex/generic/oberdiek/ifluatex.sty
Package: ifluatex 2009/04/17 v1.2 Provides the ifluatex switch (HO)
Package ifluatex Info: LuaTeX not detected.
)
(/usr/share/texmf-texlive/tex/generic/oberdiek/ltxcmds.sty
Package: ltxcmds 2009/08/05 v1.0 Some LaTeX kernel commands for general use (HO
)
)
Package pdftexcmds Info: LuaTeX not detected.
Package pdftexcmds Info: \pdf@primitive is available.
Package pdftexcmds Info: \pdf@ifprimitive is available.
)))
\Fld@menulength=\count111
\Field@Width=\dimen125
\Fld@charsize=\dimen126
\Field@toks=\toks35
Package hyperref Info: Hyper figures OFF on input line 4377.
Package hyperref Info: Link nesting OFF on input line 4382.
Package hyperref Info: Hyper index ON on input line 4385.
Package hyperref Info: backreferencing OFF on input line 4392.
Package hyperref Info: Link coloring OFF on input line 4397.
Package hyperref Info: Link coloring with OCG OFF on input line 4402.
Package hyperref Info: PDF/A mode OFF on input line 4407.

(/usr/share/texmf-texlive/tex/generic/oberdiek/atbegshi.sty
Package: atbegshi 2008/07/31 v1.9 At begin shipout hook (HO)
)
\Hy@abspage=\count112
\c@Item=\count113
\c@Hfootnote=\count114
)
*hyperref using default driver hpdftex*
(/usr/share/texmf-texlive/tex/latex/hyperref/hpdftex.def
File: hpdftex.def 2009/10/09 v6.79a Hyperref driver for pdfTeX
\Fld@listcount=\count115
)
(/usr/share/texmf-texlive/tex/latex/breakurl/breakurl.sty
Package: breakurl 2009/01/24 v1.30 Breakable hyperref URLs

(/usr/share/texmf-texlive/tex/latex/xkeyval/xkeyval.sty
Package: xkeyval 2008/08/13 v2.6a package option processing (HA)

(/usr/share/texmf-texlive/tex/generic/xkeyval/xkeyval.tex
\XKV@toks=\toks36
\XKV@tempa@toks=\toks37
\XKV@depth=\count116
File: xkeyval.tex 2008/08/13 v2.6a key=value parser (HA)
))

Package breakurl Warning: You are using breakurl while processing via pdflatex.

(breakurl)                \burl will be just a synonym of \url.
(breakurl)                 on input line 47.

) (/usr/share/texmf-texlive/tex/latex/ltxmisc/endnotes.sty
\c@endnote=\count117
\endnotesep=\dimen127
\@enotes=\write4
)
(/usr/share/texmf-texlive/tex/latex/psnfss/times.sty
Package: times 2005/04/12 PSNFSS-v9.2a (SPQR) 
)
(/usr/share/texmf-texlive/tex/latex/subfigure/subfigure.sty
Package: subfigure 2002/03/15 v2.1.5 subfigure package


Package subfigure Warning: Your document class has a bad definition
 of \endfigure, most likely
 \let\endfigure=\end@float
 which has now been changed to
 \def\endfigure{\end@float}
 because otherwise subsequent changes to \end@float
 (like done by several packages changing float behaviour)
 can't take effect on \endfigure.
 Please complain to your document class author.


Package subfigure Warning: Your document class has a bad definition
 of \endtable, most likely
 \let\endtable=\end@float
 which has now been changed to
 \def\endtable{\end@float}
 because otherwise subsequent changes to \end@float
 (like done by several packages changing float behaviour)
 can't take effect on \endtable.
 Please complain to your document class author.

\subfigtopskip=\skip44
\subfigcapskip=\skip45
\subfigcaptopadj=\dimen128
\subfigbottomskip=\skip46
\subfigcapmargin=\dimen129
\subfiglabelskip=\skip47
\c@subfigure=\count118
\c@lofdepth=\count119
\c@subtable=\count120
\c@lotdepth=\count121
****************************************
* Local config file subfigure.cfg used *
****************************************
(/usr/share/texmf-texlive/tex/latex/subfigure/subfigure.cfg)
\subfig@top=\skip48
\subfig@bottom=\skip49
)
(/usr/share/texmf-texlive/tex/latex/ltxmisc/ulem.sty
\UL@box=\box30
\UL@hyphenbox=\box31
\UL@skip=\skip50
\UL@hook=\toks38
\UL@pe=\count122
\UL@pixel=\dimen130
\ULC@box=\box32
Package: ulem 2000/05/26
\ULdepth=\dimen131
)
(/usr/share/texmf-texlive/tex/latex/rotating/rotating.sty
Package: rotating 2009/03/28 v2.16a rotated objects in LaTeX

(/usr/share/texmf-texlive/tex/latex/base/ifthen.sty
Package: ifthen 2001/05/26 v1.1c Standard LaTeX ifthen package (DPC)
)
\c@r@tfl@t=\count123
\rotFPtop=\skip51
\rotFPbot=\skip52
\rot@float@box=\box33
\rot@mess@toks=\toks39
)
(/usr/share/texmf-texlive/tex/latex/wasysym/wasysym.sty
Package: wasysym 2003/10/30 v2.0 Wasy-2 symbol support package
\symwasy=\mathgroup7
LaTeX Font Info:    Overwriting symbol font `wasy' in version `bold'
(Font)                  U/wasy/m/n --> U/wasy/b/n on input line 90.
)
(/usr/share/texmf-texlive/tex/latex/psnfss/pifont.sty
Package: pifont 2005/04/12 PSNFSS-v9.2a Pi font support (SPQR) 
LaTeX Font Info:    Try loading font information for U+pzd on input line 63.

(/usr/share/texmf-texlive/tex/latex/psnfss/upzd.fd
File: upzd.fd 2001/06/04 font definitions for U/pzd.
)
LaTeX Font Info:    Try loading font information for U+psy on input line 64.

(/usr/share/texmf-texlive/tex/latex/psnfss/upsy.fd
File: upsy.fd 2001/06/04 font definitions for U/psy.
))
(/usr/share/texmf-texlive/tex/latex/graphics/color.sty
Package: color 2005/11/14 v1.0j Standard LaTeX Color (DPC)

(/etc/texmf/tex/latex/config/color.cfg
File: color.cfg 2007/01/18 v1.5 color configuration of teTeX/TeXLive
)
Package color Info: Driver file: pdftex.def on input line 130.

(/usr/share/texmf-texlive/tex/latex/graphics/dvipsnam.def
File: dvipsnam.def 1999/02/16 v3.0i Driver-dependant file (DPC,SPQR)
))
(/usr/share/texmf-texlive/tex/latex/placeins/placeins.sty
Package: placeins 2005/04/18  v 2.2
)
(/usr/share/texmf-texlive/tex/latex/preprint/balance.sty
Package: balance 1999/02/23 4.3 (PWD)
\oldvsize=\dimen132
)
(/usr/share/texmf-texlive/tex/latex/oberdiek/epstopdf.sty
Package: epstopdf 2009/10/17 v2.4 Conversion with epstopdf on the fly (HO)

(/usr/share/texmf-texlive/tex/latex/oberdiek/epstopdf-base.sty
Package: epstopdf-base 2009/10/17 v2.4 Base part for package epstopdf

(/usr/share/texmf-texlive/tex/latex/oberdiek/grfext.sty
Package: grfext 2007/09/30 v1.0 Managing graphics extensions (HO)
)
Package grfext Info: Graphics extension search list:
(grfext)             [.png,.pdf,.jpg,.mps,.jpeg,.jbig2,.jb2,.PNG,.PDF,.JPG,.JPE
G,.JBIG2,.JB2,.eps]
(grfext)             \AppendGraphicsExtensions on input line 433.

(/usr/share/texmf-texlive/tex/latex/latexconfig/epstopdf-sys.cfg
File: epstopdf-sys.cfg 2009/10/26 v1.1 Configuration of epstopdf for TeX Live
)))
(/usr/share/texmf-texlive/tex/latex/algorithms/algorithmic.sty
Package: algorithmic 2009/08/24 v0.1 Document Style `algorithmic'
\c@ALC@unique=\count124
\c@ALC@line=\count125
\c@ALC@rem=\count126
\c@ALC@depth=\count127
\ALC@tlm=\skip53
\algorithmicindent=\skip54
)
(/usr/share/texmf-texlive/tex/latex/algorithms/algorithm.sty
Package: algorithm 2009/08/24 v0.1 Document Style `algorithm' - floating enviro
nment

(/usr/share/texmf-texlive/tex/latex/float/float.sty
Package: float 2001/11/08 v1.3d Float enhancements (AL)
\c@float@type=\count128
\float@exts=\toks40
\float@box=\box34
\@float@everytoks=\toks41
\@floatcapt=\box35
)
\@float@every@algorithm=\toks42
\c@algorithm=\count129
)
(/usr/share/texmf-texlive/tex/latex/tools/array.sty
Package: array 2008/09/09 v2.4c Tabular extension package (FMi)
\col@sep=\dimen133
\extrarowheight=\dimen134
\NC@list=\toks43
\extratabsurround=\skip55
\backup@length=\skip56
)
(/usr/share/texmf-texlive/tex/latex/tools/tabularx.sty
Package: tabularx 1999/01/07 v2.07 `tabularx' package (DPC)
\TX@col@width=\dimen135
\TX@old@table=\dimen136
\TX@old@col=\dimen137
\TX@target=\dimen138
\TX@delta=\dimen139
\TX@cols=\count130
\TX@ftn=\toks44
)
(/usr/share/texmf-texlive/tex/latex/enumitem/enumitem.sty
Package: enumitem 2009/05/18 v2.2 Customized lists
\enit@toks=\toks45
\labelindent=\skip57
\enit@outerparindent=\dimen140
\enitdp@desc=\count131
)
Special comment 'Notes' Special comment 'TReports' (./paper.aux)
\openout1 = `paper.aux'.

LaTeX Font Info:    Checking defaults for OML/cmm/m/it on input line 142.
LaTeX Font Info:    ... okay on input line 142.
LaTeX Font Info:    Checking defaults for T1/cmr/m/n on input line 142.
LaTeX Font Info:    ... okay on input line 142.
LaTeX Font Info:    Checking defaults for OT1/cmr/m/n on input line 142.
LaTeX Font Info:    ... okay on input line 142.
LaTeX Font Info:    Checking defaults for OMS/cmsy/m/n on input line 142.
LaTeX Font Info:    ... okay on input line 142.
LaTeX Font Info:    Checking defaults for OMX/cmex/m/n on input line 142.
LaTeX Font Info:    ... okay on input line 142.
LaTeX Font Info:    Checking defaults for U/cmr/m/n on input line 142.
LaTeX Font Info:    ... okay on input line 142.
LaTeX Font Info:    Checking defaults for PD1/pdf/m/n on input line 142.
LaTeX Font Info:    ... okay on input line 142.
LaTeX Font Info:    Try loading font information for OT1+ptm on input line 142.


(/usr/share/texmf-texlive/tex/latex/psnfss/ot1ptm.fd
File: ot1ptm.fd 2001/06/04 font definitions for OT1/ptm.
)
(/usr/share/texmf-texlive/tex/context/base/supp-pdf.mkii
[Loading MPS to PDF converter (version 2006.09.02).]
\scratchcounter=\count132
\scratchdimen=\dimen141
\scratchbox=\box36
\nofMPsegments=\count133
\nofMParguments=\count134
\everyMPshowfont=\toks46
\MPscratchCnt=\count135
\MPscratchDim=\dimen142
\MPnumerator=\count136
\everyMPtoPDFconversion=\toks47
)
Package hyperref Info: Link coloring OFF on input line 142.
 (/usr/share/texmf-texlive/tex/latex/hyperref/nameref.sty
Package: nameref 2007/05/29 v2.31 Cross-referencing by name of section

(/usr/share/texmf-texlive/tex/latex/oberdiek/refcount.sty
Package: refcount 2008/08/11 v3.1 Data extraction from references (HO)
)
\c@section@level=\count137
)
LaTeX Info: Redefining \ref on input line 142.
LaTeX Info: Redefining \pageref on input line 142.
 (./paper.out)
(./paper.out)
\@outlinefile=\write5
\openout5 = `paper.out'.

\AtBeginShipoutBox=\box37
LaTeX Font Info:    Try loading font information for U+msa on input line 195.
 (/usr/share/texmf-texlive/tex/latex/amsfonts/umsa.fd
File: umsa.fd 2009/06/22 v3.00 AMS symbols A
)
LaTeX Font Info:    Try loading font information for U+msb on input line 195.

(/usr/share/texmf-texlive/tex/latex/amsfonts/umsb.fd
File: umsb.fd 2009/06/22 v3.00 AMS symbols B
)
LaTeX Font Info:    Try loading font information for U+lasy on input line 195.

(/usr/share/texmf-texlive/tex/latex/base/ulasy.fd
File: ulasy.fd 1998/08/17 v2.2e LaTeX symbol font definitions
)
LaTeX Font Info:    Try loading font information for U+wasy on input line 195.

(/usr/share/texmf-texlive/tex/latex/wasysym/uwasy.fd
File: uwasy.fd 2003/10/30 v2.0 Wasy-2 symbol font definitions
) (./abstract.tex)
(./intro.tex
LaTeX Font Info:    Font shape `OT1/ptm/bx/n' in size <10> not available
(Font)              Font shape `OT1/ptm/b/n' tried instead on input line 12.

Underfull \vbox (badness 10000) has occurred while \output is active []

 [1{/var/lib/texmf/fonts/map/pdftex/updmap/pdftex.map}


]) (./overview.tex
<figs/RRC_State_Diagram.pdf, id=98, 375.4025pt x 412.54124pt>
File: figs/RRC_State_Diagram.pdf Graphic file (type pdf)

<use figs/RRC_State_Diagram.pdf>
Overfull \hbox (12.0pt too wide) in paragraph at lines 5--6
 [][] 
 []


Underfull \hbox (badness 1789) in paragraph at lines 6--6
[]\OT1/ptm/b/n/10 Figure 1: []Possible 3G and 4G State Ma-chines as
 []

Package epstopdf Info: Source file: <figs/cellular_network_topology.eps>
(epstopdf)                    date: 2013-05-13 13:54:08
(epstopdf)                    size: 393037 bytes
(epstopdf)             Output file: <figs/cellular_network_topology-eps-convert
ed-to.pdf>
(epstopdf)                    date: 2013-05-13 14:49:42
(epstopdf)                    size: 40779 bytes
(epstopdf)             Command: <epstopdf --outfile=figs/cellular_network_topol
ogy-eps-converted-to.pdf figs/cellular_network_topology.eps>
(epstopdf)             \includegraphics on input line 18.
Package epstopdf Info: Output file is already uptodate.

<figs/cellular_network_topology-eps-converted-to.pdf, id=100, 728.7225pt x 289.
08pt>
File: figs/cellular_network_topology-eps-converted-to.pdf Graphic file (type pd
f)
 <use figs/cellular_network_topology-eps-converted-to.pdf>
Overfull \hbox (12.0pt too wide) in paragraph at lines 18--19
 [][] 
 []


Overfull \hbox (3.35767pt too wide) in paragraph at lines 82--83
\OT1/ptm/m/n/10 cerned mainly with tran-si-tions be-tween RRC[]CONNECTED,
 []

[2pdfTeX warning (ext4): destination with the same identifier (name{figure.1}) 
has been already used, duplicate ignored

\AtBegShi@Output ...ipout \box \AtBeginShipoutBox 
                                                  \fi \fi 
l.89 
     pdfTeX warning (ext4): destination with the same identifier (name{figure.2
}) has been already used, duplicate ignored

\AtBegShi@Output ...ipout \box \AtBeginShipoutBox 
                                                  \fi \fi 
l.89 
      <./figs/RRC_State_Diagram.pdf> <./figs/cellular_network_topology-eps-conv
erted-to.pdf>]
Package epstopdf Info: Source file: <figs/qxdm_rrc_state_no_pch_stable.eps>
(epstopdf)                    date: 2013-05-20 23:44:41
(epstopdf)                    size: 351606 bytes
(epstopdf)             Output file: <figs/qxdm_rrc_state_no_pch_stable-eps-conv
erted-to.pdf>
(epstopdf)                    date: 2013-05-20 23:44:58
(epstopdf)                    size: 27785 bytes
(epstopdf)             Command: <epstopdf --outfile=figs/qxdm_rrc_state_no_pch_
stable-eps-converted-to.pdf figs/qxdm_rrc_state_no_pch_stable.eps>
(epstopdf)             \includegraphics on input line 101.
Package epstopdf Info: Output file is already uptodate.

<figs/qxdm_rrc_state_no_pch_stable-eps-converted-to.pdf, id=148, 724.7075pt x 1
88.705pt>
File: figs/qxdm_rrc_state_no_pch_stable-eps-converted-to.pdf Graphic file (type
 pdf)
 <use figs/qxdm_rrc_state_no_pch_stable-eps-converted-to.pdf>
Overfull \hbox (12.0pt too wide) in paragraph at lines 101--103
 [][] 
 []


Underfull \hbox (badness 2205) in paragraph at lines 103--103
\OT1/ptm/b/n/10 RLC-layer be-hav-ior dur-ing state pro-mo-tions. We
 []

) (./methodology.tex

Package hyperref Warning: Token not allowed in a PDF string (PDFDocEncoding):
(hyperref)                removing `\\' on input line 1.


Underfull \vbox (badness 10000) has occurred while \output is active []

LaTeX Font Info:    Try loading font information for OMS+ptm on input line 5.

(/usr/share/texmf-texlive/tex/latex/psnfss/omsptm.fd
File: omsptm.fd 
)
LaTeX Font Info:    Font shape `OMS/ptm/m/n' in size <10> not available
(Font)              Font shape `OMS/cmsy/m/n' tried instead on input line 5.

Underfull \vbox (badness 10000) has occurred while \output is active []

 [3pdfTeX warning (ext4): destination with the same identifier (name{table.1}) 
has been already used, duplicate ignored

\AtBegShi@Output ...ipout \box \AtBeginShipoutBox 
                                                  \fi \fi 
l.8 
    pdfTeX warning (ext4): destination with the same identifier (name{figure.3}
) has been already used, duplicate ignored

\AtBegShi@Output ...ipout \box \AtBeginShipoutBox 
                                                  \fi \fi 
l.8 
     <./figs/qxdm_rrc_state_no_pch_stable-eps-converted-to.pdf>]
Overfull \hbox (9.53839pt too wide) in paragraph at lines 17--18
\OT1/ptm/m/n/10 caused by lower-layer be-hav-ior, such as FACH[]TRANSITION,
 []


Underfull \vbox (badness 10000) has occurred while \output is active []

Package epstopdf Info: Source file: <figs/test_rrc_bad.eps>
(epstopdf)                    date: 2013-05-06 18:44:28
(epstopdf)                    size: 24359 bytes
(epstopdf)             Output file: <figs/test_rrc_bad-eps-converted-to.pdf>
(epstopdf)                    date: 2013-05-08 12:32:02
(epstopdf)                    size: 8677 bytes
(epstopdf)             Command: <epstopdf --outfile=figs/test_rrc_bad-eps-conve
rted-to.pdf figs/test_rrc_bad.eps>
(epstopdf)             \includegraphics on input line 23.
Package epstopdf Info: Output file is already uptodate.

<figs/test_rrc_bad-eps-converted-to.pdf, id=177, 361.35pt x 361.35pt>
File: figs/test_rrc_bad-eps-converted-to.pdf Graphic file (type pdf)

<use figs/test_rrc_bad-eps-converted-to.pdf>
Package hyperref Info: bookmark level for unknown algorithm defaults to 0 on in
put line 67.
 [4pdfTeX warning (ext4): destination with the same identifier (name{figure.4})
 has been already used, duplicate ignored

\AtBegShi@Output ...ipout \box \AtBeginShipoutBox 
                                                  \fi \fi 
l.155 
       <./figs/test_rrc_bad-eps-converted-to.pdf>]
Overfull \hbox (1.84775pt too wide) in paragraph at lines 158--159
[]\OT1/ptm/m/n/10 In pre-vi-ous work, a straight-for-ward clas-si-fi-ca-tion ap
-proach
 []


Underfull \vbox (badness 3098) has occurred while \output is active []


Underfull \vbox (badness 10000) has occurred while \output is active []

 [5]
Package epstopdf Info: Source file: <figs/model_generation.eps>
(epstopdf)                    date: 2013-05-19 22:17:00
(epstopdf)                    size: 31504 bytes
(epstopdf)             Output file: <figs/model_generation-eps-converted-to.pdf
>
(epstopdf)                    date: 2013-05-20 23:45:02
(epstopdf)                    size: 18729 bytes
(epstopdf)             Command: <epstopdf --outfile=figs/model_generation-eps-c
onverted-to.pdf figs/model_generation.eps>
(epstopdf)             \includegraphics on input line 200.
Package epstopdf Info: Output file is already uptodate.

<figs/model_generation-eps-converted-to.pdf, id=223, 361.35pt x 722.7pt>
File: figs/model_generation-eps-converted-to.pdf Graphic file (type pdf)

<use figs/model_generation-eps-converted-to.pdf>
Overfull \hbox (12.0pt too wide) in paragraph at lines 200--201
 [] 
 []


Underfull \hbox (badness 1014) in paragraph at lines 202--202
\OT1/ptm/b/n/10 with-out out-liers re-moved. Step E: DCH and PCH
 []


Underfull \vbox (badness 6396) has occurred while \output is active []


Underfull \vbox (badness 5832) has occurred while \output is active []

 [6pdfTeX warning (ext4): destination with the same identifier (name{figure.5})
 has been already used, duplicate ignored

\AtBegShi@Output ...ipout \box \AtBeginShipoutBox 
                                                  \fi \fi 
l.215 
       <./figs/model_generation-eps-converted-to.pdf>]
Underfull \vbox (badness 10000) has occurred while \output is active []


Overfull \hbox (2.50833pt too wide) in paragraph at lines 228--229
\OT1/ptm/m/n/10 num-ber of de-vices whose be-hav-ior was ver-i-fied us-ing QxDM
.
 []

) (./qxdmresults.tex

Package hyperref Warning: Token not allowed in a PDF string (PDFDocEncoding):
(hyperref)                removing `\\' on input line 1.

\openout3 = `comment.cut'.

(./comment.cut [7]
Underfull \hbox (badness 1286) in paragraph at lines 24--24
[]|\OT1/ptm/m/n/10 WCDMA RLC down-link ac-knowl-edge
 []


Underfull \hbox (badness 1796) in paragraph at lines 24--24
[]|\OT1/ptm/m/n/10 WCDMA Flex-i-ble RLC down-link ac-
 []


Overfull \hbox (12.0pt too wide) in paragraph at lines 24--25
[][]
 []

)
Underfull \vbox (badness 10000) has occurred while \output is active []

\openout3 = `comment.cut'.


(./comment.cut
LaTeX Font Info:    Font shape `OT1/ptm/bx/it' in size <10> not available
(Font)              Font shape `OT1/ptm/b/it' tried instead on input line 4.

Underfull \hbox (badness 10000) in paragraph at lines 12--12
[] []\OT1/ptm/b/n/10 if \OT1/ptm/m/it/10 SDU[SDU[]MAPPED[]INDEX] \OT1/ptm/m/n/1
0 equals to
 []


Underfull \hbox (badness 1365) in paragraph at lines 16--17
[] []$\OML/cmm/m/it/10 factor$ \OT1/ptm/m/n/10 is seq[]num be-tween \OT1/ptm/m/
it/10 CUR[]PDU \OT1/ptm/m/n/10 and
 []

) [8pdfTeX warning (ext4): destination with the same identifier (name{table.2})
 has been already used, duplicate ignored

\AtBegShi@Output ...ipout \box \AtBeginShipoutBox 
                                                  \fi \fi 
l.157 E
       ach RLC sequence number uniquely identifies each RLC PDU, so we can d...
]
Underfull \vbox (badness 10000) has occurred while \output is active []

)
(./clientresults.tex
Underfull \hbox (badness 1789) in paragraph at lines 26--26
[]|\OT1/ptm/m/n/8 Impact on higher-layer pro-to-cols mea-sured. DNS, TCP
 []

LaTeX Font Info:    Try loading font information for OT1+pcr on input line 66.
(/usr/share/texmf-texlive/tex/latex/psnfss/ot1pcr.fd
File: ot1pcr.fd 2001/06/04 font definitions for OT1/pcr.
) [9]
Underfull \hbox (badness 10000) in paragraph at lines 87--87
[]|\OT1/ptm/b/n/8 Network
 []


Underfull \hbox (badness 10000) in paragraph at lines 87--87
\OT1/ptm/b/n/8 CON-
 []


Underfull \hbox (badness 10000) in paragraph at lines 87--87
\OT1/ptm/b/n/8 NECTED
 []


Underfull \hbox (badness 10000) in paragraph at lines 87--87
[]|\OT1/ptm/b/n/8 Transition
 []


Underfull \hbox (badness 10000) in paragraph at lines 87--87
[]|\OT1/ptm/b/n/8 # de-vices
 []


Overfull \hbox (12.0pt too wide) in paragraph at lines 87--89
[][]
 []


Underfull \hbox (badness 10000) in paragraph at lines 104--104
[]|\OT1/ptm/b/n/8 FACH
 []


Underfull \hbox (badness 10000) in paragraph at lines 104--104
\OT1/ptm/b/n/8 TRAN-
 []


Underfull \hbox (badness 10000) in paragraph at lines 104--104
\OT1/ptm/b/n/8 SI-TION
 []


Underfull \hbox (badness 10000) in paragraph at lines 104--104
[]|\OT1/ptm/m/n/8 DNS
 []


Underfull \hbox (badness 10000) in paragraph at lines 104--104
\OT1/ptm/m/n/8 lookup
 []


Underfull \hbox (badness 10000) in paragraph at lines 104--104
[]|\OT1/ptm/m/n/8 1656 $\OMS/cmsy/m/n/8 ^^F$
 []


Underfull \hbox (badness 10000) in paragraph at lines 104--104
[]|\OT1/ptm/m/n/8 1209 $\OMS/cmsy/m/n/8 ^^F$
 []


Underfull \hbox (badness 4391) in paragraph at lines 104--104
[]|\OT1/ptm/m/n/8 TCP hand-
 []


Underfull \hbox (badness 10000) in paragraph at lines 104--104
[]|\OT1/ptm/m/n/8 1524 $\OMS/cmsy/m/n/8 ^^F$
 []


Underfull \hbox (badness 10000) in paragraph at lines 104--104
[]|\OT1/ptm/m/n/8 1114 $\OMS/cmsy/m/n/8 ^^F$
 []


Underfull \hbox (badness 10000) in paragraph at lines 104--104
[]|\OT1/ptm/m/n/8 3120 $\OMS/cmsy/m/n/8 ^^F$
 []


Underfull \hbox (badness 10000) in paragraph at lines 104--104
[]|\OT1/ptm/m/n/8 3530 $\OMS/cmsy/m/n/8 ^^F$
 []


Underfull \hbox (badness 10000) in paragraph at lines 104--104
[]|\OT1/ptm/m/n/8 2926 $\OMS/cmsy/m/n/8 ^^F$
 []


Underfull \hbox (badness 10000) in paragraph at lines 104--104
[]|\OT1/ptm/m/n/8 3338 $\OMS/cmsy/m/n/8 ^^F$
 []


Overfull \hbox (12.0pt too wide) in paragraph at lines 104--105
[][]
 []


Underfull \hbox (badness 4531) in paragraph at lines 105--105
[]\OT1/ptm/b/n/10 Table 5: []Comparison of 3G per-for-mance across
 []

Package epstopdf Info: Source file: <figs_nonanony/udp_rtt_gap.eps>
(epstopdf)                    date: 2013-05-28 20:58:55
(epstopdf)                    size: 24955 bytes
(epstopdf)             Output file: <figs_nonanony/udp_rtt_gap-eps-converted-to
.pdf>
(epstopdf)                    date: 2013-05-28 20:59:22
(epstopdf)                    size: 10309 bytes
(epstopdf)             Command: <epstopdf --outfile=figs_nonanony/udp_rtt_gap-e
ps-converted-to.pdf figs_nonanony/udp_rtt_gap.eps>
(epstopdf)             \includegraphics on input line 154.
Package epstopdf Info: Output file is already uptodate.

<figs_nonanony/udp_rtt_gap-eps-converted-to.pdf, id=392, 361.35pt x 252.945pt>
File: figs_nonanony/udp_rtt_gap-eps-converted-to.pdf Graphic file (type pdf)

<use figs_nonanony/udp_rtt_gap-eps-converted-to.pdf>
Overfull \hbox (12.0pt too wide) in paragraph at lines 154--154
 [][] 
 []

Package epstopdf Info: Source file: <figs_nonanony/rlc_retx_gap.eps>
(epstopdf)                    date: 2013-05-28 20:54:40
(epstopdf)                    size: 24766 bytes
(epstopdf)             Output file: <figs_nonanony/rlc_retx_gap-eps-converted-t
o.pdf>
(epstopdf)                    date: 2013-05-28 20:59:23
(epstopdf)                    size: 10158 bytes
(epstopdf)             Command: <epstopdf --outfile=figs_nonanony/rlc_retx_gap-
eps-converted-to.pdf figs_nonanony/rlc_retx_gap.eps>
(epstopdf)             \includegraphics on input line 156.
Package epstopdf Info: Output file is already uptodate.

<figs_nonanony/rlc_retx_gap-eps-converted-to.pdf, id=393, 361.35pt x 252.945pt>
File: figs_nonanony/rlc_retx_gap-eps-converted-to.pdf Graphic file (type pdf)
<use figs_nonanony/rlc_retx_gap-eps-converted-to.pdf>
Overfull \hbox (12.0pt too wide) in paragraph at lines 156--157
 [][] 
 []


Underfull \hbox (badness 3590) in paragraph at lines 157--157
[]\OT1/ptm/b/n/10 Figure 6: []RLC layer re-trans-mis-sion ra-tio has a
 []


Underfull \hbox (badness 1412) in paragraph at lines 157--157
\OT1/ptm/b/n/10 strong cor-re-la-tion with the de-lay over FACH state.
 []

[10pdfTeX warning (ext4): destination with the same identifier (name{table.3}) 
has been already used, duplicate ignored

\AtBegShi@Output ...ipout \box \AtBeginShipoutBox 
                                                  \fi \fi 
l.162 
      pdfTeX warning (ext4): destination with the same identifier (name{table.4
}) has been already used, duplicate ignored

\AtBegShi@Output ...ipout \box \AtBeginShipoutBox 
                                                  \fi \fi 
l.162 
      pdfTeX warning (ext4): destination with the same identifier (name{table.5
}) has been already used, duplicate ignored

\AtBegShi@Output ...ipout \box \AtBeginShipoutBox 
                                                  \fi \fi 
l.162 
      ]
Underfull \vbox (badness 3375) has occurred while \output is active []

Package epstopdf Info: Source file: <figs_nonanony/rlc_retx_udp.eps>
(epstopdf)                    date: 2013-05-28 21:06:35
(epstopdf)                    size: 19683 bytes
(epstopdf)             Output file: <figs_nonanony/rlc_retx_udp-eps-converted-t
o.pdf>
(epstopdf)                    date: 2013-05-28 21:08:22
(epstopdf)                    size: 10391 bytes
(epstopdf)             Command: <epstopdf --outfile=figs_nonanony/rlc_retx_udp-
eps-converted-to.pdf figs_nonanony/rlc_retx_udp.eps>
(epstopdf)             \includegraphics on input line 176.
Package epstopdf Info: Output file is already uptodate.

<figs_nonanony/rlc_retx_udp-eps-converted-to.pdf, id=418, 361.35pt x 252.945pt>
File: figs_nonanony/rlc_retx_udp-eps-converted-to.pdf Graphic file (type pdf)
<use figs_nonanony/rlc_retx_udp-eps-converted-to.pdf>
Overfull \hbox (12.0pt too wide) in paragraph at lines 176--177
 [][] 
 []


Underfull \vbox (badness 10000) has occurred while \output is active []

 [11pdfTeX warning (ext4): destination with the same identifier (name{figure.6}
) has been already used, duplicate ignored

\AtBegShi@Output ...ipout \box \AtBeginShipoutBox 
                                                  \fi \fi 
l.185 
      pdfTeX warning (ext4): destination with the same identifier (name{figure.
7}) has been already used, duplicate ignored

\AtBegShi@Output ...ipout \box \AtBeginShipoutBox 
                                                  \fi \fi 
l.185 
       <./figs_nonanony/udp_rtt_gap-eps-converted-to.pdf> <./figs_nonanony/rlc_
retx_gap-eps-converted-to.pdf> <./figs_nonanony/rlc_retx_udp-eps-converted-to.p
df>]
Package epstopdf Info: Source file: <figs/rlc_dup_ack.eps>
(epstopdf)                    date: 2013-05-08 14:24:26
(epstopdf)                    size: 20541 bytes
(epstopdf)             Output file: <figs/rlc_dup_ack-eps-converted-to.pdf>
(epstopdf)                    date: 2013-05-08 14:29:47
(epstopdf)                    size: 8304 bytes
(epstopdf)             Command: <epstopdf --outfile=figs/rlc_dup_ack-eps-conver
ted-to.pdf figs/rlc_dup_ack.eps>
(epstopdf)             \includegraphics on input line 191.
Package epstopdf Info: Output file is already uptodate.
 <figs/rlc_dup_ack-eps-converted-to.pdf, id=444, 361.35pt x 252.945pt>
File: figs/rlc_dup_ack-eps-converted-to.pdf Graphic file (type pdf)

<use figs/rlc_dup_ack-eps-converted-to.pdf>
Overfull \hbox (12.0pt too wide) in paragraph at lines 191--193
 [][] 
 []

Package epstopdf Info: Source file: <figs_nonanony/udp_loss.eps>
(epstopdf)                    date: 2013-05-28 21:08:17
(epstopdf)                    size: 20156 bytes
(epstopdf)             Output file: <figs_nonanony/udp_loss-eps-converted-to.pd
f>
(epstopdf)                    date: 2013-05-28 21:08:23
(epstopdf)                    size: 12082 bytes
(epstopdf)             Command: <epstopdf --outfile=figs_nonanony/udp_loss-eps-
converted-to.pdf figs_nonanony/udp_loss.eps>
(epstopdf)             \includegraphics on input line 206.
Package epstopdf Info: Output file is already uptodate.
<figs_nonanony/udp_loss-eps-converted-to.pdf, id=447, 361.35pt x 252.945pt>
File: figs_nonanony/udp_loss-eps-converted-to.pdf Graphic file (type pdf)

<use figs_nonanony/udp_loss-eps-converted-to.pdf>
Overfull \hbox (12.0pt too wide) in paragraph at lines 206--207
 [][] 
 []


Underfull \vbox (badness 10000) has occurred while \output is active []


Overfull \hbox (12.0pt too wide) in paragraph at lines 236--237
[][]
 []

\openout3 = `comment.cut'.

(./comment.cut) [12pdfTeX warning (ext4): destination with the same identifier 
(name{figure.8}) has been already used, duplicate ignored

\AtBegShi@Output ...ipout \box \AtBeginShipoutBox 
                                                  \fi \fi 
l.261 
      pdfTeX warning (ext4): destination with the same identifier (name{figure.
9}) has been already used, duplicate ignored

\AtBegShi@Output ...ipout \box \AtBeginShipoutBox 
                                                  \fi \fi 
l.261 
      pdfTeX warning (ext4): destination with the same identifier (name{table.6
}) has been already used, duplicate ignored

\AtBegShi@Output ...ipout \box \AtBeginShipoutBox 
                                                  \fi \fi 
l.261 
       <./figs/rlc_dup_ack-eps-converted-to.pdf> <./figs_nonanony/udp_loss-eps-
converted-to.pdf>]
Package epstopdf Info: Source file: <figs/timer_cdf.eps>
(epstopdf)                    date: 2013-05-07 00:14:51
(epstopdf)                    size: 23311 bytes
(epstopdf)             Output file: <figs/timer_cdf-eps-converted-to.pdf>
(epstopdf)                    date: 2013-05-08 12:32:08
(epstopdf)                    size: 8732 bytes
(epstopdf)             Command: <epstopdf --outfile=figs/timer_cdf-eps-converte
d-to.pdf figs/timer_cdf.eps>
(epstopdf)             \includegraphics on input line 285.
Package epstopdf Info: Output file is already uptodate.

<figs/timer_cdf-eps-converted-to.pdf, id=469, 361.35pt x 252.945pt>
File: figs/timer_cdf-eps-converted-to.pdf Graphic file (type pdf)

<use figs/timer_cdf-eps-converted-to.pdf>
Package epstopdf Info: Source file: <figs/device_compare.eps>
(epstopdf)                    date: 2013-05-28 19:36:34
(epstopdf)                    size: 20522 bytes
(epstopdf)             Output file: <figs/device_compare-eps-converted-to.pdf>
(epstopdf)                    date: 2013-05-28 19:36:55
(epstopdf)                    size: 13301 bytes
(epstopdf)             Command: <epstopdf --outfile=figs/device_compare-eps-con
verted-to.pdf figs/device_compare.eps>
(epstopdf)             \includegraphics on input line 293.
Package epstopdf Info: Output file is already uptodate.

<figs/device_compare-eps-converted-to.pdf, id=470, 361.35pt x 252.945pt>
File: figs/device_compare-eps-converted-to.pdf Graphic file (type pdf)

<use figs/device_compare-eps-converted-to.pdf>
Overfull \hbox (12.0pt too wide) in paragraph at lines 293--294
 [] 
 []


Underfull \vbox (badness 10000) has occurred while \output is active []

Package epstopdf Info: Source file: <figs/all_carrier_rrc_delays.eps>
(epstopdf)                    date: 2013-05-08 10:09:16
(epstopdf)                    size: 19014 bytes
(epstopdf)             Output file: <figs/all_carrier_rrc_delays-eps-converted-
to.pdf>
(epstopdf)                    date: 2013-05-08 12:32:09
(epstopdf)                    size: 7832 bytes
(epstopdf)             Command: <epstopdf --outfile=figs/all_carrier_rrc_delays
-eps-converted-to.pdf figs/all_carrier_rrc_delays.eps>
(epstopdf)             \includegraphics on input line 305.
Package epstopdf Info: Output file is already uptodate.

<figs/all_carrier_rrc_delays-eps-converted-to.pdf, id=472, 361.35pt x 252.945pt
>
File: figs/all_carrier_rrc_delays-eps-converted-to.pdf Graphic file (type pdf)
 <use figs/all_carrier_rrc_delays-eps-converted-to.pdf>
Underfull \hbox (badness 1189) in paragraph at lines 307--307
[]\OT1/ptm/b/n/10 Figure 12: []Promotion de-lays for each state for all
 []


Underfull \hbox (badness 1314) in paragraph at lines 307--307
\OT1/ptm/b/n/10 pro-mo-tions are re-quired. The anoma-lous be-hav-ior
 []

Package epstopdf Info: Source file: <figs/loss_compare.eps>
(epstopdf)                    date: 2013-05-28 19:36:34
(epstopdf)                    size: 20066 bytes
(epstopdf)             Output file: <figs/loss_compare-eps-converted-to.pdf>
(epstopdf)                    date: 2013-05-28 19:36:55
(epstopdf)                    size: 11957 bytes
(epstopdf)             Command: <epstopdf --outfile=figs/loss_compare-eps-conve
rted-to.pdf figs/loss_compare.eps>
(epstopdf)             \includegraphics on input line 323.
Package epstopdf Info: Output file is already uptodate.
<figs/loss_compare-eps-converted-to.pdf, id=474, 361.35pt x 252.945pt>
File: figs/loss_compare-eps-converted-to.pdf Graphic file (type pdf)

<use figs/loss_compare-eps-converted-to.pdf> [13pdfTeX warning (ext4): destinat
ion with the same identifier (name{figure.10}) has been already used, duplicate
 ignored

\AtBegShi@Output ...ipout \box \AtBeginShipoutBox 
                                                  \fi \fi 
l.330 
      pdfTeX warning (ext4): destination with the same identifier (name{figure.
11}) has been already used, duplicate ignored

\AtBegShi@Output ...ipout \box \AtBeginShipoutBox 
                                                  \fi \fi 
l.330 
       <./figs/timer_cdf-eps-converted-to.pdf> <./figs/device_compare-eps-conve
rted-to.pdf>]) (./eval.tex

Package hyperref Warning: Token not allowed in a PDF string (PDFDocEncoding):
(hyperref)                removing `\\' on input line 1.

Package epstopdf Info: Source file: <figs/cost_benefit.eps>
(epstopdf)                    date: 2013-05-07 00:13:25
(epstopdf)                    size: 3540362 bytes
(epstopdf)             Output file: <figs/cost_benefit-eps-converted-to.pdf>
(epstopdf)                    date: 2013-05-08 12:32:15
(epstopdf)                    size: 45218 bytes
(epstopdf)             Command: <epstopdf --outfile=figs/cost_benefit-eps-conve
rted-to.pdf figs/cost_benefit.eps>
(epstopdf)             \includegraphics on input line 6.
Package epstopdf Info: Output file is already uptodate.
<figs/cost_benefit-eps-converted-to.pdf, id=493, 675.52374pt x 215.80624pt>
File: figs/cost_benefit-eps-converted-to.pdf Graphic file (type pdf)

<use figs/cost_benefit-eps-converted-to.pdf>
Underfull \vbox (badness 6396) has occurred while \output is active []

 [14pdfTeX warning (ext4): destination with the same identifier (name{figure.12
}) has been already used, duplicate ignored

\AtBegShi@Output ...ipout \box \AtBeginShipoutBox 
                                                  \fi \fi 
l.62 
     pdfTeX warning (ext4): destination with the same identifier (name{figure.1
3}) has been already used, duplicate ignored

\AtBegShi@Output ...ipout \box \AtBeginShipoutBox 
                                                  \fi \fi 
l.62 
      <./figs/all_carrier_rrc_delays-eps-converted-to.pdf> <./figs/loss_compare
-eps-converted-to.pdf>]
Overfull \hbox (12.0pt too wide) in paragraph at lines 82--84
[][]
 []

) (./related.tex) (./conclusion.tex) (./paper.bbl [15pdfTeX warning (ext4): des
tination with the same identifier (name{figure.14}) has been already used, dupl
icate ignored

\AtBegShi@Output ...ipout \box \AtBeginShipoutBox 
                                                  \fi \fi 
l.1 \begin{thebibliography}{10}
                               pdfTeX warning (ext4): destination with the same
 identifier (name{table.7}) has been already used, duplicate ignored

\AtBegShi@Output ...ipout \box \AtBeginShipoutBox 
                                                  \fi \fi 
l.1 \begin{thebibliography}{10}
                                <./figs/cost_benefit-eps-converted-to.pdf>]
Missing character: There is no Ã in font ptmr7t!
Missing character: There is no ¡ in font ptmr7t!
Missing character: There is no Ã in font ptmr7t!
Missing character: There is no ­ in font ptmr7t!
Missing character: There is no â in font ptmr7t!
Missing character: There is no € in font ptmr7t!
Missing character: There is no ™ in font ptmr7t!
)
[16] (./paper.aux)

LaTeX Font Warning: Some font shapes were not available, defaults substituted.

 ) 
Here is how much of TeX's memory you used:
 7415 strings out of 495061
 104522 string characters out of 1182621
 206002 words of memory out of 3000000
 10163 multiletter control sequences out of 15000+50000
 66555 words of font info for 105 fonts, out of 3000000 for 9000
 28 hyphenation exceptions out of 8191
 39i,15n,40p,1817b,701s stack positions out of 5000i,500n,10000p,200000b,50000s
{/usr/share/texmf-texlive/fonts/enc/dvips/base/8r.enc}</usr/share/texmf-texli
ve/fonts/type1/public/amsfonts/cm/cmmi10.pfb></usr/share/texmf-texlive/fonts/ty
pe1/public/amsfonts/cm/cmmi7.pfb></usr/share/texmf-texlive/fonts/type1/public/a
msfonts/cm/cmmi8.pfb></usr/share/texmf-texlive/fonts/type1/public/amsfonts/cm/c
mr10.pfb></usr/share/texmf-texlive/fonts/type1/public/amsfonts/cm/cmr7.pfb></us
r/share/texmf-texlive/fonts/type1/public/amsfonts/cm/cmr8.pfb></usr/share/texmf
-texlive/fonts/type1/public/amsfonts/cm/cmsy10.pfb></usr/share/texmf-texlive/fo
nts/type1/public/amsfonts/cm/cmsy7.pfb></usr/share/texmf-texlive/fonts/type1/pu
blic/amsfonts/cm/cmsy8.pfb></usr/share/texmf-texlive/fonts/type1/urw/courier/uc
rr8a.pfb></usr/share/texmf-texlive/fonts/type1/urw/helvetic/uhvb8a.pfb></usr/sh
are/texmf-texlive/fonts/type1/urw/helvetic/uhvr8a.pfb></usr/share/texmf-texlive
/fonts/type1/urw/times/utmb8a.pfb></usr/share/texmf-texlive/fonts/type1/urw/tim
es/utmbi8a.pfb></usr/share/texmf-texlive/fonts/type1/urw/times/utmr8a.pfb></usr
/share/texmf-texlive/fonts/type1/urw/times/utmri8a.pfb>
Output written on paper.pdf (16 pages, 540995 bytes).
PDF statistics:
 671 PDF objects out of 1000 (max. 8388607)
 142 named destinations out of 1000 (max. 500000)
 220 words of extra memory for PDF output out of 10000 (max. 10000000)

