\BOOKMARK [1][-]{section.1}{Introduction}{}
\BOOKMARK [1][-]{section.2}{Background}{}
\BOOKMARK [2][-]{subsection.2.1}{Radio Resource Control}{section.2}
\BOOKMARK [2][-]{subsection.2.2}{Radio Link Control}{section.2}
\BOOKMARK [1][-]{section.3}{Challenges}{}
\BOOKMARK [2][-]{subsection.3.1}{Incomplete RLC PDU Logging}{section.3}
\BOOKMARK [2][-]{subsection.3.2}{Loose RLC RTT Estimation}{section.3}
\BOOKMARK [2][-]{subsection.3.3}{IP Fragmentation and Duplication}{section.3}
\BOOKMARK [2][-]{subsection.3.4}{Feedback Tool}{section.3}
\BOOKMARK [1][-]{section.4}{Cross-layer Tool Design}{}
\BOOKMARK [2][-]{subsection.4.1}{QxDM}{section.4}
\BOOKMARK [2][-]{subsection.4.2}{Cross-layer Mapping}{section.4}
\BOOKMARK [2][-]{subsection.4.3}{Uniqueness Analysis}{section.4}
\BOOKMARK [2][-]{subsection.4.4}{Lower Layer Features}{section.4}
\BOOKMARK [3][-]{subsubsection.4.4.1}{RLC Retransmission}{subsection.4.4}
\BOOKMARK [3][-]{subsubsection.4.4.2}{First-hop Latency}{subsection.4.4}
\BOOKMARK [3][-]{subsubsection.4.4.3}{Power}{subsection.4.4}
\BOOKMARK [1][-]{section.5}{Feedback Tool Design}{}
\BOOKMARK [2][-]{subsection.5.1}{Approach}{section.5}
\BOOKMARK [2][-]{subsection.5.2}{Implementation}{section.5}
\BOOKMARK [1][-]{section.6}{Evaluation}{}
\BOOKMARK [2][-]{subsection.6.1}{Dataset}{section.6}
\BOOKMARK [2][-]{subsection.6.2}{Case Study}{section.6}
\BOOKMARK [3][-]{subsubsection.6.2.1}{Abnormal RRC State Transition}{subsection.6.2}
\BOOKMARK [1][-]{section.7}{Future Work}{}
\BOOKMARK [2][-]{subsection.7.1}{User Study}{section.7}
\BOOKMARK [2][-]{subsection.7.2}{Comprehensive Analysis}{section.7}
\BOOKMARK [1][-]{section.8}{Related Work}{}
\BOOKMARK [1][-]{section.9}{Conclusion}{}
\BOOKMARK [1][-]{section.10}{Acknowledgments}{}
\BOOKMARK [1][-]{section.11}{References}{}
